<?xml version="1.0" encoding="UTF-8"?>
<!-- Generated by org.testng.reporters.JUnitReportReporter -->
<testsuite hostname="DESKTOP-VHIJ5EH" failures="0" tests="1" name="org.legend.test.TestCase" time="1.187" errors="0" timestamp="2021-10-23T19:03:31 CST" skipped="0">
  <testcase classname="org.legend.test.TestCase" name="case01" time="1.187"/>
  <system-out/>
</testsuite> <!-- org.legend.test.TestCase -->
