<?xml version="1.0" encoding="UTF-8"?>
<!-- Generated by org.testng.reporters.JUnitReportReporter -->
<testsuite hostname="DESKTOP-VHIJ5EH" failures="0" tests="1" name="org.legend.springMybatis.test.TestCase" time="0.786" errors="0" timestamp="2021-10-23T04:32:33 CST" skipped="0">
  <testcase classname="org.legend.springMybatis.test.TestCase" name="case01" time="0.786"/>
  <system-out/>
</testsuite> <!-- org.legend.springMybatis.test.TestCase -->
